e:\python opencv project\minor_project\minor_project\x64\debug\minor_project.pch.codeanalysis
e:\python opencv project\minor_project\minor_project\x64\debug\vc120.pdb
e:\python opencv project\minor_project\minor_project\x64\debug\vc120.idb
e:\python opencv project\minor_project\minor_project\x64\debug\minor_project.pch.codeanalysisast
e:\python opencv project\minor_project\minor_project\x64\debug\stdafx.nativecodeanalysis.xml
e:\python opencv project\minor_project\minor_project\x64\debug\stdafx.obj
e:\python opencv project\minor_project\minor_project\x64\debug\minor_project.pch
e:\python opencv project\minor_project\minor_project\x64\debug\minor_project.nativecodeanalysis.xml
e:\python opencv project\minor_project\minor_project\x64\debug\minor_project.obj
e:\python opencv project\minor_project\x64\debug\minor_project.ilk
e:\python opencv project\minor_project\x64\debug\minor_project.exe
e:\python opencv project\minor_project\x64\debug\minor_project.pdb
e:\python opencv project\minor_project\minor_project\x64\debug\nativecodeanalysis.read.1.tlog
e:\python opencv project\minor_project\minor_project\x64\debug\vc.nativecodeanalysis.all.xml
e:\python opencv project\minor_project\x64\debug\minor_project.exe.lastcodeanalysissucceeded
e:\python opencv project\minor_project\minor_project\x64\debug\minor_project.tlog\cl.command.1.tlog
e:\python opencv project\minor_project\minor_project\x64\debug\minor_project.tlog\cl.read.1.tlog
e:\python opencv project\minor_project\minor_project\x64\debug\minor_project.tlog\cl.write.1.tlog
e:\python opencv project\minor_project\minor_project\x64\debug\minor_project.tlog\link.command.1.tlog
e:\python opencv project\minor_project\minor_project\x64\debug\minor_project.tlog\link.read.1.tlog
e:\python opencv project\minor_project\minor_project\x64\debug\minor_project.tlog\link.write.1.tlog
